<?xml version="1.0" encoding="UTF-8"?>

<persistence version="2.0"
   xmlns="http://java.sun.com/xml/ns/persistence" xmlns:xsi="http://www.w3.org/2001/XMLSchema-instance"
   xsi:schemaLocation="
        http://java.sun.com/xml/ns/persistence
        http://java.sun.com/xml/ns/persistence/persistence_2_0.xsd">
   <persistence-unit name="conference">
      <jta-data-source>java:jboss/datasources/ExampleDS</jta-data-source>
      <class>de.predikant.conference.service.model.Conference</class>
      <class>de.predikant.conference.service.model.Room</class>
      <class>de.predikant.conference.service.model.Talk</class>
      <class>de.predikant.conference.service.model.Speaker</class>
      <class>de.predikant.conference.service.model.SpeakerHasTalk</class>
      <properties>
         <!-- Properties for Hibernate -->
         <property name="hibernate.hbm2ddl.auto" value="create" />
         <property name="hibernate.show_sql" value="false" />
      </properties>
   </persistence-unit>
</persistence>
