<?xml version="1.0"?>
<beans xmlns="http://java.sun.com/xml/ns/javaee" xmlns:xsi="http://www.w3.org/2001/XMLSchema-instance"
	xsi:schemaLocation="http://java.sun.com/xml/ns/javaee http://jboss.org/schema/cdi/beans_1_0.xsd">

	<interceptors>
		<class>de.predikant.conference.service.interceptor.LoggingInterceptor</class>
		<class>de.predikant.conference.service.interceptor.PerformanceInterceptor</class>
	</interceptors>
	<decorators>
		<class>de.predikant.conference.service.decorator.TalkServiceDecorator</class>
	</decorators>

</beans>
